<?xml version="1.0" encoding="UTF-8"?>
<testng-results ignored="0" total="3" passed="3" failed="0" skipped="0">
  <reporter-output>
  </reporter-output>
  <suite started-at="2025-04-14T21:43:32 IST" name="ParallelMethodsSuite" finished-at="2025-04-14T21:44:06 IST" duration-ms="33466">
    <groups>
    </groups>
    <test started-at="2025-04-14T21:43:32 IST" name="RunMethodsInParallel" finished-at="2025-04-14T21:44:06 IST" duration-ms="33466">
      <class name="com.frameworks.projectCMS.testcases.SignupTest">
        <test-method is-config="true" signature="createDriver(java.lang.String)[pri:0, instance:com.frameworks.projectCMS.testcases.SignupTest@534a5a98]" started-at="2025-04-14T21:43:32 IST" name="createDriver" finished-at="2025-04-14T21:43:56 IST" duration-ms="23708" status="PASS">
          <params>
            <param index="0">
              <value>
                <![CDATA[signup]]>
              </value>
            </param>
          </params>
          <reporter-output>
          </reporter-output>
        </test-method> <!-- createDriver -->
        <test-method is-config="true" signature="createDriver(java.lang.String)[pri:0, instance:com.frameworks.projectCMS.testcases.SignupTest@534a5a98]" started-at="2025-04-14T21:43:32 IST" name="createDriver" finished-at="2025-04-14T21:43:55 IST" duration-ms="22423" status="PASS">
          <params>
            <param index="0">
              <value>
                <![CDATA[signup]]>
              </value>
            </param>
          </params>
          <reporter-output>
          </reporter-output>
        </test-method> <!-- createDriver -->
        <test-method is-config="true" signature="createDriver(java.lang.String)[pri:0, instance:com.frameworks.projectCMS.testcases.SignupTest@534a5a98]" started-at="2025-04-14T21:43:32 IST" name="createDriver" finished-at="2025-04-14T21:43:56 IST" duration-ms="23609" status="PASS">
          <params>
            <param index="0">
              <value>
                <![CDATA[signup]]>
              </value>
            </param>
          </params>
          <reporter-output>
          </reporter-output>
        </test-method> <!-- createDriver -->
        <test-method signature="testSuccessfulIndividual()[pri:1, instance:com.frameworks.projectCMS.testcases.SignupTest@534a5a98]" started-at="2025-04-14T21:43:55 IST" name="testSuccessfulIndividual" description="verify successfull signup as Individual" finished-at="2025-04-14T21:44:04 IST" duration-ms="8647" status="PASS">
          <reporter-output>
          </reporter-output>
        </test-method> <!-- testSuccessfulIndividual -->
        <test-method signature="testNavigaionTosigninPage()[pri:3, instance:com.frameworks.projectCMS.testcases.SignupTest@534a5a98]" started-at="2025-04-14T21:43:56 IST" name="testNavigaionTosigninPage" description="Varify navigation to sigin page" finished-at="2025-04-14T21:43:59 IST" duration-ms="2580" status="PASS">
          <reporter-output>
          </reporter-output>
        </test-method> <!-- testNavigaionTosigninPage -->
        <test-method signature="testSuccessfulOrganization()[pri:2, instance:com.frameworks.projectCMS.testcases.SignupTest@534a5a98]" started-at="2025-04-14T21:43:56 IST" name="testSuccessfulOrganization" description="verify successfull signup as Organization" finished-at="2025-04-14T21:44:03 IST" duration-ms="6728" status="PASS">
          <reporter-output>
          </reporter-output>
        </test-method> <!-- testSuccessfulOrganization -->
        <test-method is-config="true" signature="quitDriver()[pri:0, instance:com.frameworks.projectCMS.testcases.SignupTest@534a5a98]" started-at="2025-04-14T21:43:59 IST" name="quitDriver" finished-at="2025-04-14T21:44:00 IST" duration-ms="1404" status="PASS">
          <reporter-output>
          </reporter-output>
        </test-method> <!-- quitDriver -->
        <test-method is-config="true" signature="quitDriver()[pri:0, instance:com.frameworks.projectCMS.testcases.SignupTest@534a5a98]" started-at="2025-04-14T21:44:03 IST" name="quitDriver" finished-at="2025-04-14T21:44:06 IST" duration-ms="2974" status="PASS">
          <reporter-output>
          </reporter-output>
        </test-method> <!-- quitDriver -->
        <test-method is-config="true" signature="quitDriver()[pri:0, instance:com.frameworks.projectCMS.testcases.SignupTest@534a5a98]" started-at="2025-04-14T21:44:04 IST" name="quitDriver" finished-at="2025-04-14T21:44:04 IST" duration-ms="835" status="PASS">
          <reporter-output>
          </reporter-output>
        </test-method> <!-- quitDriver -->
      </class> <!-- com.frameworks.projectCMS.testcases.SignupTest -->
    </test> <!-- RunMethodsInParallel -->
  </suite> <!-- ParallelMethodsSuite -->
</testng-results>
