<?xml version="1.0" encoding="UTF-8"?>
<testng-results ignored="0" total="4" passed="4" failed="0" skipped="0">
  <reporter-output>
  </reporter-output>
  <suite started-at="2025-04-14T22:58:29 IST" name="ParallelMethodsSuite" finished-at="2025-04-14T22:58:55 IST" duration-ms="25775">
    <groups>
    </groups>
    <test started-at="2025-04-14T22:58:29 IST" name="RunMethodsInParallel" finished-at="2025-04-14T22:58:45 IST" duration-ms="16311">
      <class name="com.frameworks.projectCMS.testcases.SignupTest">
        <test-method is-config="true" signature="createDriver(java.lang.String)[pri:0, instance:com.frameworks.projectCMS.testcases.SignupTest@46cdf8bd]" started-at="2025-04-14T22:58:29 IST" name="createDriver" finished-at="2025-04-14T22:58:42 IST" duration-ms="13161" status="PASS">
          <params>
            <param index="0">
              <value>
                <![CDATA[signup]]>
              </value>
            </param>
          </params>
          <reporter-output>
          </reporter-output>
        </test-method> <!-- createDriver -->
        <test-method is-config="true" signature="createDriver(java.lang.String)[pri:0, instance:com.frameworks.projectCMS.testcases.SignupTest@46cdf8bd]" started-at="2025-04-14T22:58:29 IST" name="createDriver" finished-at="2025-04-14T22:58:42 IST" duration-ms="13352" status="PASS">
          <params>
            <param index="0">
              <value>
                <![CDATA[signup]]>
              </value>
            </param>
          </params>
          <reporter-output>
          </reporter-output>
        </test-method> <!-- createDriver -->
        <test-method is-config="true" signature="createDriver(java.lang.String)[pri:0, instance:com.frameworks.projectCMS.testcases.SignupTest@46cdf8bd]" started-at="2025-04-14T22:58:29 IST" name="createDriver" finished-at="2025-04-14T22:58:37 IST" duration-ms="8375" status="PASS">
          <params>
            <param index="0">
              <value>
                <![CDATA[signup]]>
              </value>
            </param>
          </params>
          <reporter-output>
          </reporter-output>
        </test-method> <!-- createDriver -->
        <test-method signature="testSuccessfulOrganization()[pri:2, instance:com.frameworks.projectCMS.testcases.SignupTest@46cdf8bd]" started-at="2025-04-14T22:58:37 IST" name="testSuccessfulOrganization" description="verify successfull signup as Organization" finished-at="2025-04-14T22:58:40 IST" duration-ms="3149" status="PASS">
          <reporter-output>
          </reporter-output>
        </test-method> <!-- testSuccessfulOrganization -->
        <test-method is-config="true" signature="quitDriver()[pri:0, instance:com.frameworks.projectCMS.testcases.SignupTest@46cdf8bd]" started-at="2025-04-14T22:58:40 IST" name="quitDriver" finished-at="2025-04-14T22:58:41 IST" duration-ms="839" status="PASS">
          <reporter-output>
          </reporter-output>
        </test-method> <!-- quitDriver -->
        <test-method signature="testNavigaionTosigninPage()[pri:3, instance:com.frameworks.projectCMS.testcases.SignupTest@46cdf8bd]" started-at="2025-04-14T22:58:42 IST" name="testNavigaionTosigninPage" description="Varify navigation to sigin page" finished-at="2025-04-14T22:58:43 IST" duration-ms="886" status="PASS">
          <reporter-output>
          </reporter-output>
        </test-method> <!-- testNavigaionTosigninPage -->
        <test-method signature="testSuccessfulIndividual()[pri:1, instance:com.frameworks.projectCMS.testcases.SignupTest@46cdf8bd]" started-at="2025-04-14T22:58:42 IST" name="testSuccessfulIndividual" description="verify successfull signup as Individual" finished-at="2025-04-14T22:58:45 IST" duration-ms="2279" status="PASS">
          <reporter-output>
          </reporter-output>
        </test-method> <!-- testSuccessfulIndividual -->
        <test-method is-config="true" signature="quitDriver()[pri:0, instance:com.frameworks.projectCMS.testcases.SignupTest@46cdf8bd]" started-at="2025-04-14T22:58:43 IST" name="quitDriver" finished-at="2025-04-14T22:58:43 IST" duration-ms="428" status="PASS">
          <reporter-output>
          </reporter-output>
        </test-method> <!-- quitDriver -->
        <test-method is-config="true" signature="quitDriver()[pri:0, instance:com.frameworks.projectCMS.testcases.SignupTest@46cdf8bd]" started-at="2025-04-14T22:58:45 IST" name="quitDriver" finished-at="2025-04-14T22:58:45 IST" duration-ms="586" status="PASS">
          <reporter-output>
          </reporter-output>
        </test-method> <!-- quitDriver -->
      </class> <!-- com.frameworks.projectCMS.testcases.SignupTest -->
    </test> <!-- RunMethodsInParallel -->
    <test started-at="2025-04-14T22:58:46 IST" name="RunMethodSignin" finished-at="2025-04-14T22:58:55 IST" duration-ms="8968">
      <class name="com.frameworks.projectCMS.testcases.SigninTest">
        <test-method is-config="true" signature="createDriver(java.lang.String)[pri:0, instance:com.frameworks.projectCMS.testcases.SigninTest@2b40ff9c]" started-at="2025-04-14T22:58:46 IST" name="createDriver" finished-at="2025-04-14T22:58:52 IST" duration-ms="6512" status="PASS">
          <params>
            <param index="0">
              <value>
                <![CDATA[signin]]>
              </value>
            </param>
          </params>
          <reporter-output>
          </reporter-output>
        </test-method> <!-- createDriver -->
        <test-method signature="testSuccessfulllogin()[pri:1, instance:com.frameworks.projectCMS.testcases.SigninTest@2b40ff9c]" started-at="2025-04-14T22:58:52 IST" name="testSuccessfulllogin" description="Valid data with login successfull" finished-at="2025-04-14T22:58:54 IST" duration-ms="1958" status="PASS">
          <reporter-output>
          </reporter-output>
        </test-method> <!-- testSuccessfulllogin -->
        <test-method is-config="true" signature="quitDriver()[pri:0, instance:com.frameworks.projectCMS.testcases.SigninTest@2b40ff9c]" started-at="2025-04-14T22:58:54 IST" name="quitDriver" finished-at="2025-04-14T22:58:55 IST" duration-ms="488" status="PASS">
          <reporter-output>
          </reporter-output>
        </test-method> <!-- quitDriver -->
      </class> <!-- com.frameworks.projectCMS.testcases.SigninTest -->
    </test> <!-- RunMethodSignin -->
  </suite> <!-- ParallelMethodsSuite -->
</testng-results>
