<?xml version="1.0" encoding="UTF-8"?>
<testsuite xmlns:xsi="http://www.w3.org/2001/XMLSchema-instance" xsi:noNamespaceSchemaLocation="https://maven.apache.org/surefire/maven-surefire-plugin/xsd/surefire-test-report.xsd" name="TestSuite" time="35.069" tests="3" errors="0" skipped="0" failures="0">
  <properties>
[...]
</properties>
  <testcase name="testNavigaionTosigninPage" classname="com.frameworks.projectCMS.testcases.SignupTest" time="2.498"/>
  <testcase name="testSuccessfulOrganization" classname="com.frameworks.projectCMS.testcases.SignupTest" time="6.727"/>
  <testcase name="testSuccessfulIndividual" classname="com.frameworks.projectCMS.testcases.SignupTest" time="7.366"/>
</testsuite>