<?xml version="1.0" encoding="UTF-8"?>
<!-- Generated by org.testng.reporters.JUnitXMLReporter -->
<testsuite ignored="0" hostname="SALIK" failures="0" tests="3" name="SignupTestRun" time="47.241" errors="0" timestamp="2025-04-15T21:13:46 IST">
  <testcase classname="com.frameworks.projectCMS.testcases.SignupTest" name="testSuccessfulIndividual" time="3.639"/>
  <testcase classname="com.frameworks.projectCMS.testcases.SignupTest" name="testSuccessfulOrganization" time="2.816"/>
  <testcase classname="com.frameworks.projectCMS.testcases.SignupTest" name="testNavigaionTosigninPage" time="3.791"/>
</testsuite> <!-- SignupTestRun -->
