<?xml version="1.0" encoding="UTF-8"?>
<!-- Generated by org.testng.reporters.JUnitXMLReporter -->
<testsuite ignored="3" hostname="hostname" failures="0" tests="1" name="SigninTestRun" time="7.296" errors="0" timestamp="2025-04-15T14:10:55 IST">
  <testcase classname="com.frameworks.projectCMS.testcases.SigninTest" name="checkLoginLoadTime" time="1.579"/>
  <testcase classname="com.frameworks.projectCMS.testcases.SigninTest" name="testSuccessfulllogin" time="0.0">
    <ignored/>
  </testcase> <!-- testSuccessfulllogin -->
  <testcase classname="com.frameworks.projectCMS.testcases.SigninTest" name="navigateToforgotPasswordPage" time="0.0">
    <ignored/>
  </testcase> <!-- navigateToforgotPasswordPage -->
  <testcase classname="com.frameworks.projectCMS.testcases.SigninTest" name="testWithInvalidEmail" time="0.0">
    <ignored/>
  </testcase> <!-- testWithInvalidEmail -->
</testsuite> <!-- SigninTestRun -->
