<?xml version="1.0" encoding="UTF-8"?>
<!-- Generated by org.testng.reporters.JUnitXMLReporter -->
<testsuite ignored="0" hostname="SALIK" failures="0" tests="3" name="RunMethodsInParallel" time="16.311" errors="0" timestamp="2025-04-14T22:58:46 IST">
  <testcase classname="com.frameworks.projectCMS.testcases.SignupTest" name="testSuccessfulOrganization" time="3.149"/>
  <testcase classname="com.frameworks.projectCMS.testcases.SignupTest" name="testNavigaionTosigninPage" time="0.886"/>
  <testcase classname="com.frameworks.projectCMS.testcases.SignupTest" name="testSuccessfulIndividual" time="2.279"/>
</testsuite> <!-- RunMethodsInParallel -->
