<?xml version="1.0" encoding="UTF-8"?>
<!-- Generated by org.testng.reporters.JUnitXMLReporter -->
<testsuite ignored="0" hostname="hostname" failures="0" tests="3" name="RunMethodsInParallel" time="8.172" errors="0" timestamp="2025-04-15T12:29:27 IST">
  <testcase classname="com.frameworks.projectCMS.testcases.SignupTest" name="testNavigaionTosigninPage" time="2.024"/>
  <testcase classname="com.frameworks.projectCMS.testcases.SignupTest" name="testSuccessfulIndividual" time="4.48"/>
  <testcase classname="com.frameworks.projectCMS.testcases.SignupTest" name="testSuccessfulOrganization" time="5.385"/>
</testsuite> <!-- RunMethodsInParallel -->
